<?xml version="1.0" encoding="UTF-8"?>
<testsuite name="it.uniba.main.ArgumentsTest" tests="2" skipped="0" failures="0" errors="0" timestamp="2019-05-24T16:25:13" hostname="DESKTOP-07AMN4D" time="0.068">
  <properties/>
  <testcase name="testArguments()" classname="it.uniba.main.ArgumentsTest" time="0.046"/>
  <testcase name="testArguments1()" classname="it.uniba.main.ArgumentsTest" time="0.018"/>
  <system-out><![CDATA[]]></system-out>
  <system-err><![CDATA[]]></system-err>
</testsuite>
