<?xml version="1.0" encoding="UTF-8"?>
<testsuite name="it.uniba.sotorrent.GoogleDocsUtilsTest" tests="1" skipped="0" failures="0" errors="0" timestamp="2019-06-01T17:12:24" hostname="DESKTOP-K7M5LAA" time="2.357">
  <properties/>
  <testcase name="testcreateSheet()" classname="it.uniba.sotorrent.GoogleDocsUtilsTest" time="2.357"/>
  <system-out><![CDATA[Spreadhsheet URL: https://docs.google.com/spreadsheets/d/15QYzAuaL6HYlTLizrDqftWUDBKhHwgOPQqZyy0O7ZLs
]]></system-out>
  <system-err><![CDATA[]]></system-err>
</testsuite>
