<?xml version="1.0" encoding="UTF-8"?>
<testsuite name="it.uniba.query.QueryTest" tests="9" skipped="0" failures="0" errors="0" timestamp="2019-05-24T16:25:13" hostname="DESKTOP-07AMN4D" time="0.101">
  <properties/>
  <testcase name="testQuery()" classname="it.uniba.query.QueryTest" time="0.032"/>
  <testcase name="testQuery1()" classname="it.uniba.query.QueryTest" time="0.002"/>
  <testcase name="testQuery2()" classname="it.uniba.query.QueryTest" time="0.008"/>
  <testcase name="testQuery3()" classname="it.uniba.query.QueryTest" time="0.002"/>
  <testcase name="testQuery4()" classname="it.uniba.query.QueryTest" time="0.008"/>
  <testcase name="testQuery5()" classname="it.uniba.query.QueryTest" time="0.006"/>
  <testcase name="testQuery6()" classname="it.uniba.query.QueryTest" time="0.004"/>
  <testcase name="testQuery7()" classname="it.uniba.query.QueryTest" time="0.006"/>
  <testcase name="testQuery8()" classname="it.uniba.query.QueryTest" time="0.002"/>
  <system-out><![CDATA[]]></system-out>
  <system-err><![CDATA[]]></system-err>
</testsuite>
