<?xml version="1.0" encoding="UTF-8"?>
<testsuite name="it.uniba.parsing.ParserTest" tests="1" skipped="0" failures="0" errors="0" timestamp="2019-06-01T13:19:12" hostname="DESKTOP-40T4KNA" time="0.007">
  <properties/>
  <testcase name="testParser()" classname="it.uniba.parsing.ParserTest" time="0.007"/>
  <system-out><![CDATA[]]></system-out>
  <system-err><![CDATA[]]></system-err>
</testsuite>
