<?xml version="1.0" encoding="UTF-8"?>
<testsuite name="it.uniba.sotorrent.GoogleDocsUtilsTest" tests="1" skipped="0" failures="0" errors="0" timestamp="2019-06-01T08:03:13" hostname="loreloc-pc" time="1.841">
  <properties/>
  <testcase name="testcreateSheet()" classname="it.uniba.sotorrent.GoogleDocsUtilsTest" time="1.841"/>
  <system-out><![CDATA[Spreadhsheet URL: https://docs.google.com/spreadsheets/d/1wc_tLgOrFXAZJgdfv2YfwxeGUldg4kcs1SFwFTnP0k4
]]></system-out>
  <system-err><![CDATA[]]></system-err>
</testsuite>
