<?xml version="1.0" encoding="UTF-8"?>
<testsuite name="it.uniba.parsing.ParserTest" tests="1" skipped="0" failures="0" errors="0" timestamp="2019-06-01T08:03:13" hostname="loreloc-pc" time="0.004">
  <properties/>
  <testcase name="testParser()" classname="it.uniba.parsing.ParserTest" time="0.004"/>
  <system-out><![CDATA[]]></system-out>
  <system-err><![CDATA[]]></system-err>
</testsuite>
