<?xml version="1.0" encoding="UTF-8"?>
<testsuite name="it.uniba.sotorrent.GoogleDocsUtilsTest" tests="1" skipped="0" failures="0" errors="0" timestamp="2019-06-01T13:19:13" hostname="DESKTOP-40T4KNA" time="1.888">
  <properties/>
  <testcase name="testcreateSheet()" classname="it.uniba.sotorrent.GoogleDocsUtilsTest" time="1.888"/>
  <system-out><![CDATA[Spreadhsheet URL: https://docs.google.com/spreadsheets/d/1mlo-eMrqoZ4aoGdNcNZ8x_Gf3ELGKdQE1EBWQv48E-A
]]></system-out>
  <system-err><![CDATA[]]></system-err>
</testsuite>
