<?xml version="1.0" encoding="UTF-8"?>
<testsuite name="it.uniba.query.QueryTest" tests="9" skipped="0" failures="0" errors="0" timestamp="2019-05-31T11:33:59" hostname="DESKTOP-K7M5LAA" time="0.114">
  <properties/>
  <testcase name="testQueryYearMonthDayQuestion()" classname="it.uniba.query.QueryTest" time="0.016"/>
  <testcase name="testQueryYearMonthDayQuestionEdgeWeight()" classname="it.uniba.query.QueryTest" time="0.004"/>
  <testcase name="testQueryYearMonthDayQuestionEdge()" classname="it.uniba.query.QueryTest" time="0.002"/>
  <testcase name="testQueryAnswerUserEdge()" classname="it.uniba.query.QueryTest" time="0.006"/>
  <testcase name="testQueryYearMonthDayNoType()" classname="it.uniba.query.QueryTest" time="0.029"/>
  <testcase name="testQueryYearMonthDayPost()" classname="it.uniba.query.QueryTest" time="0.017"/>
  <testcase name="testQueryAnswerUserEdgeWeight()" classname="it.uniba.query.QueryTest" time="0.006"/>
  <testcase name="testQueryYearMonthAnswerTag()" classname="it.uniba.query.QueryTest" time="0.007"/>
  <testcase name="testQueryYearMonthPostTag()" classname="it.uniba.query.QueryTest" time="0.002"/>
  <system-out><![CDATA[]]></system-out>
  <system-err><![CDATA[]]></system-err>
</testsuite>
