<?xml version="1.0" encoding="UTF-8"?>
<testsuite name="it.uniba.query.QueryTest" tests="9" skipped="0" failures="0" errors="0" timestamp="2019-06-01T08:03:13" hostname="loreloc-pc" time="0.042">
  <properties/>
  <testcase name="testQueryYearMonthDayQuestion()" classname="it.uniba.query.QueryTest" time="0.019"/>
  <testcase name="testQueryYearMonthDayQuestionEdgeWeight()" classname="it.uniba.query.QueryTest" time="0.002"/>
  <testcase name="testQueryYearMonthDayQuestionEdge()" classname="it.uniba.query.QueryTest" time="0.001"/>
  <testcase name="testQueryAnswerUserEdge()" classname="it.uniba.query.QueryTest" time="0.001"/>
  <testcase name="testQueryYearMonthDayNoType()" classname="it.uniba.query.QueryTest" time="0.006"/>
  <testcase name="testQueryYearMonthDayPost()" classname="it.uniba.query.QueryTest" time="0.002"/>
  <testcase name="testQueryAnswerUserEdgeWeight()" classname="it.uniba.query.QueryTest" time="0.002"/>
  <testcase name="testQueryYearMonthAnswerTag()" classname="it.uniba.query.QueryTest" time="0.001"/>
  <testcase name="testQueryYearMonthPostTag()" classname="it.uniba.query.QueryTest" time="0.002"/>
  <system-out><![CDATA[]]></system-out>
  <system-err><![CDATA[]]></system-err>
</testsuite>
