<?xml version="1.0" encoding="UTF-8"?>
<testsuite name="it.uniba.parsing.ArgumentsTest" tests="1" skipped="0" failures="0" errors="0" timestamp="2019-05-31T11:33:59" hostname="DESKTOP-K7M5LAA" time="0.058">
  <properties/>
  <testcase name="testArguments()" classname="it.uniba.parsing.ArgumentsTest" time="0.058"/>
  <system-out><![CDATA[]]></system-out>
  <system-err><![CDATA[]]></system-err>
</testsuite>
