<?xml version="1.0" encoding="UTF-8"?>
<testsuite name="it.uniba.sotorrent.SOQueryTest" tests="3" skipped="0" failures="0" errors="0" timestamp="2019-05-31T11:34:04" hostname="DESKTOP-K7M5LAA" time="10.686">
  <properties/>
  <testcase name="testgetResultThreeColumns()" classname="it.uniba.sotorrent.SOQueryTest" time="4.41"/>
  <testcase name="testgetResultTwoColumns()" classname="it.uniba.sotorrent.SOQueryTest" time="3.116"/>
  <testcase name="testgetResultOneColumn()" classname="it.uniba.sotorrent.SOQueryTest" time="3.159"/>
  <system-out><![CDATA[]]></system-out>
  <system-err><![CDATA[]]></system-err>
</testsuite>
